<?xml version="1.0" encoding="UTF-8"?>
<testsuite xmlns:xsi="http://www.w3.org/2001/XMLSchema-instance" xsi:noNamespaceSchemaLocation="https://maven.apache.org/surefire/maven-surefire-plugin/xsd/surefire-test-report.xsd" name="app.SeguridadSpring.AppTest" time="0.116" tests="1" errors="0" skipped="0" failures="0">
  <properties>
    <property name="java.specification.version" value="15"/>
    <property name="sun.cpu.isalist" value="amd64"/>
    <property name="sun.jnu.encoding" value="Cp1252"/>
    <property name="java.class.path" value="C:\Users\MARIVI\Desktop\Java advanced programming\SeguridadSpring\target\test-classes;C:\Users\MARIVI\Desktop\Java advanced programming\SeguridadSpring\target\classes;C:\Users\MARIVI\.m2\repository\junit\junit\4.13.1\junit-4.13.1.jar;C:\Users\MARIVI\.m2\repository\org\hamcrest\hamcrest-core\1.3\hamcrest-core-1.3.jar;C:\Users\MARIVI\.m2\repository\org\springframework\spring-webmvc\5.3.13\spring-webmvc-5.3.13.jar;C:\Users\MARIVI\.m2\repository\org\springframework\spring-aop\5.3.13\spring-aop-5.3.13.jar;C:\Users\MARIVI\.m2\repository\org\springframework\spring-beans\5.3.13\spring-beans-5.3.13.jar;C:\Users\MARIVI\.m2\repository\org\springframework\spring-context\5.3.13\spring-context-5.3.13.jar;C:\Users\MARIVI\.m2\repository\org\springframework\spring-core\5.3.13\spring-core-5.3.13.jar;C:\Users\MARIVI\.m2\repository\org\springframework\spring-jcl\5.3.13\spring-jcl-5.3.13.jar;C:\Users\MARIVI\.m2\repository\org\springframework\spring-expression\5.3.13\spring-expression-5.3.13.jar;C:\Users\MARIVI\.m2\repository\org\springframework\spring-web\5.3.13\spring-web-5.3.13.jar;C:\Users\MARIVI\.m2\repository\javax\servlet\javax.servlet-api\4.0.1\javax.servlet-api-4.0.1.jar;C:\Users\MARIVI\.m2\repository\javax\servlet\jsp\javax.servlet.jsp-api\2.3.3\javax.servlet.jsp-api-2.3.3.jar;C:\Users\MARIVI\.m2\repository\javax\servlet\jstl\1.2\jstl-1.2.jar;"/>
    <property name="java.vm.vendor" value="Oracle Corporation"/>
    <property name="sun.arch.data.model" value="64"/>
    <property name="user.variant" value=""/>
    <property name="java.vendor.url" value="https://java.oracle.com/"/>
    <property name="user.timezone" value="America/Buenos_Aires"/>
    <property name="os.name" value="Windows 10"/>
    <property name="java.vm.specification.version" value="15"/>
    <property name="sun.java.launcher" value="SUN_STANDARD"/>
    <property name="user.country" value="AR"/>
    <property name="sun.boot.library.path" value="C:\desarrollo\eclipse-jee-2021-03-R-win32-x86_64\eclipse\plugins\org.eclipse.justj.openjdk.hotspot.jre.full.win32.x86_64_15.0.2.v20210201-0955\jre\bin"/>
    <property name="sun.java.command" value="C:\Users\MARIVI\AppData\Local\Temp\surefire16214527491024333683\surefirebooter1018906943152836964.jar C:\Users\MARIVI\AppData\Local\Temp\surefire16214527491024333683 2022-08-03T17-37-32_076-jvmRun1 surefire13258972312644657725tmp surefire_016140649123756396174tmp"/>
    <property name="jdk.debug" value="release"/>
    <property name="surefire.test.class.path" value="C:\Users\MARIVI\Desktop\Java advanced programming\SeguridadSpring\target\test-classes;C:\Users\MARIVI\Desktop\Java advanced programming\SeguridadSpring\target\classes;C:\Users\MARIVI\.m2\repository\junit\junit\4.13.1\junit-4.13.1.jar;C:\Users\MARIVI\.m2\repository\org\hamcrest\hamcrest-core\1.3\hamcrest-core-1.3.jar;C:\Users\MARIVI\.m2\repository\org\springframework\spring-webmvc\5.3.13\spring-webmvc-5.3.13.jar;C:\Users\MARIVI\.m2\repository\org\springframework\spring-aop\5.3.13\spring-aop-5.3.13.jar;C:\Users\MARIVI\.m2\repository\org\springframework\spring-beans\5.3.13\spring-beans-5.3.13.jar;C:\Users\MARIVI\.m2\repository\org\springframework\spring-context\5.3.13\spring-context-5.3.13.jar;C:\Users\MARIVI\.m2\repository\org\springframework\spring-core\5.3.13\spring-core-5.3.13.jar;C:\Users\MARIVI\.m2\repository\org\springframework\spring-jcl\5.3.13\spring-jcl-5.3.13.jar;C:\Users\MARIVI\.m2\repository\org\springframework\spring-expression\5.3.13\spring-expression-5.3.13.jar;C:\Users\MARIVI\.m2\repository\org\springframework\spring-web\5.3.13\spring-web-5.3.13.jar;C:\Users\MARIVI\.m2\repository\javax\servlet\javax.servlet-api\4.0.1\javax.servlet-api-4.0.1.jar;C:\Users\MARIVI\.m2\repository\javax\servlet\jsp\javax.servlet.jsp-api\2.3.3\javax.servlet.jsp-api-2.3.3.jar;C:\Users\MARIVI\.m2\repository\javax\servlet\jstl\1.2\jstl-1.2.jar;"/>
    <property name="sun.cpu.endian" value="little"/>
    <property name="user.home" value="C:\Users\MARIVI"/>
    <property name="user.language" value="es"/>
    <property name="java.specification.vendor" value="Oracle Corporation"/>
    <property name="java.version.date" value="2021-01-19"/>
    <property name="java.home" value="C:\desarrollo\eclipse-jee-2021-03-R-win32-x86_64\eclipse\plugins\org.eclipse.justj.openjdk.hotspot.jre.full.win32.x86_64_15.0.2.v20210201-0955\jre"/>
    <property name="file.separator" value="\"/>
    <property name="basedir" value="C:\Users\MARIVI\Desktop\Java advanced programming\SeguridadSpring"/>
    <property name="java.vm.compressedOopsMode" value="32-bit"/>
    <property name="line.separator" value="&#10;"/>
    <property name="java.vm.specification.vendor" value="Oracle Corporation"/>
    <property name="java.specification.name" value="Java Platform API Specification"/>
    <property name="surefire.real.class.path" value="C:\Users\MARIVI\AppData\Local\Temp\surefire16214527491024333683\surefirebooter1018906943152836964.jar"/>
    <property name="user.script" value=""/>
    <property name="sun.management.compiler" value="HotSpot 64-Bit Tiered Compilers"/>
    <property name="java.runtime.version" value="15.0.2+7-27"/>
    <property name="user.name" value="MARIVI"/>
    <property name="path.separator" value=";"/>
    <property name="os.version" value="10.0"/>
    <property name="java.runtime.name" value="OpenJDK Runtime Environment"/>
    <property name="file.encoding" value="Cp1252"/>
    <property name="java.vm.name" value="OpenJDK 64-Bit Server VM"/>
    <property name="localRepository" value="C:\Users\MARIVI\.m2\repository"/>
    <property name="java.vendor.url.bug" value="https://bugreport.java.com/bugreport/"/>
    <property name="java.io.tmpdir" value="C:\Users\MARIVI\AppData\Local\Temp\"/>
    <property name="java.version" value="15.0.2"/>
    <property name="user.dir" value="C:\Users\MARIVI\Desktop\Java advanced programming\SeguridadSpring"/>
    <property name="os.arch" value="amd64"/>
    <property name="java.vm.specification.name" value="Java Virtual Machine Specification"/>
    <property name="sun.os.patch.level" value=""/>
    <property name="java.library.path" value="C:\desarrollo\eclipse-jee-2021-03-R-win32-x86_64\eclipse\plugins\org.eclipse.justj.openjdk.hotspot.jre.full.win32.x86_64_15.0.2.v20210201-0955\jre\bin;C:\Windows\Sun\Java\bin;C:\Windows\system32;C:\Windows;C:/desarrollo/eclipse-jee-2021-03-R-win32-x86_64/eclipse//plugins/org.eclipse.justj.openjdk.hotspot.jre.full.win32.x86_64_15.0.2.v20210201-0955/jre/bin/server;C:/desarrollo/eclipse-jee-2021-03-R-win32-x86_64/eclipse//plugins/org.eclipse.justj.openjdk.hotspot.jre.full.win32.x86_64_15.0.2.v20210201-0955/jre/bin;C:\Program Files (x86)\Common Files\Oracle\Java\javapath;C:\Program Files\Common Files\Oracle\Java\javapath;C:\Windows\system32;C:\Windows;C:\Windows\System32\Wbem;C:\Windows\System32\WindowsPowerShell\v1.0\;C:\Windows\System32\OpenSSH\;C:\Program Files\Java\jdk-15\bin;C:\Program Files\Java\jdk1.8.0_261;C:\Program Files\Microsoft VS Code\bin;C:\Program Files\Git\cmd;C:\Program Files\nodejs\;C:\Program Files\apache-maven-3.8.1\bin;C:\Program Files\Java\jdk1.8.0_261;C:\Program Files\Microsoft SQL Server\Client SDK\ODBC\170\Tools\Binn\;C:\Program Files (x86)\Microsoft SQL Server\150\Tools\Binn\;C:\Program Files\Microsoft SQL Server\150\Tools\Binn\;C:\Program Files\Microsoft SQL Server\150\DTS\Binn\;C:\Program Files (x86)\Microsoft SQL Server\150\DTS\Binn\;C:\Program Files\Azure Data Studio\bin;C:\Users\MARIVI\AppData\Local\Microsoft\WindowsApps;C:\Users\MARIVI\AppData\Roaming\npm;C:\Program Files\Azure Data Studio\bin;C:\desarrollo\eclipse-jee-2021-03-R-win32-x86_64\eclipse;;."/>
    <property name="java.vm.info" value="mixed mode"/>
    <property name="java.vendor" value="Oracle Corporation"/>
    <property name="java.vm.version" value="15.0.2+7-27"/>
    <property name="sun.io.unicode.encoding" value="UnicodeLittle"/>
    <property name="java.class.version" value="59.0"/>
  </properties>
  <testcase name="shouldAnswerWithTrue" classname="app.SeguridadSpring.AppTest" time="0.008"/>
</testsuite>